This file contains any messages produced by compilers while
running configure, to aid debugging if configure makes a mistake.

It was created by gettext configure 0.19.8, which was
generated by GNU Autoconf 2.69.  Invocation command line was

  $ ./configure --prefix=/c/pgBuild32 CPPFLAGS=-I/c/pgBuild32/include LDFLAGS=-L/c/pgBuild32/lib --with-libiconv-prefix=/c/pgBuild32 --enable-shared

## --------- ##
## Platform. ##
## --------- ##

hostname = windows-testvm0
uname -m = x86_64
uname -r = 2.10.0(0.325/5/3)
uname -s = MINGW32_NT-6.3
uname -v = 2018-02-09 15:25

/usr/bin/uname -p = unknown
/bin/uname -X     = unknown

/bin/arch              = x86_64
/usr/bin/arch -k       = unknown
/usr/convex/getsysinfo = unknown
/usr/bin/hostinfo      = unknown
/bin/machine           = unknown
/usr/bin/oslevel       = unknown
/bin/universe          = unknown

PATH: /c/pgBuild32/bin
PATH: /c/pgBuild32/lib
PATH: /c/pgBuild32/include
PATH: /c/pgBuild32/bin
PATH: /c/pgBuild32/lib
PATH: /c/pgBuild32/include
PATH: /c/pgBuild32/bin
PATH: /c/pgBuild32/lib
PATH: /c/pgBuild32/include
PATH: /mingw32/bin
PATH: /usr/local/bin
PATH: /usr/bin
PATH: /bin
PATH: /c/Windows/System32
PATH: /c/Windows
PATH: /c/Windows/System32/Wbem
PATH: /c/Windows/System32/WindowsPowerShell/v1.0/
PATH: /usr/bin/site_perl
PATH: /usr/bin/vendor_perl
PATH: /usr/bin/core_perl


## ----------- ##
## Core tests. ##
## ----------- ##

configure:1811: loading site script /mingw32/etc/config.site
| # This file is in public domain.
| # Original author: Karlson2k (Evgeny Grin)
| # Written for MSys2/MinGW64 to help running 'configure' scripts
| 
| # Defaults for MinGW64-targeted programs
| 
| # Set proper selfname on bash and fallback to default name on other shells
| test -n "${BASH_SOURCE}" 2>/dev/null && config_site_me="${BASH_SOURCE[0]##*/}" || config_site_me=config.site
| 
| # Set default 'host' to speedup configure
| if test -z "$build_alias"; then
|   build_alias="${MSYSTEM_CHOST-i686-w64-mingw32}"  && \
|     $as_echo "$config_site_me:${as_lineno-$LINENO}: default build_alias set to $build_alias" >&5 
| fi
| 
| # Set default 'prefix' to "/mingw32"
| if ( test -z "$prefix" || test "x$prefix" = "xNONE" ) && \
|    ( test -z "$exec_prefix" || test "x$exec_prefix" = "xNONE" ); then
|   prefix="${MSYSTEM_PREFIX-/mingw32}" && \
|     $as_echo "$config_site_me:${as_lineno-$LINENO}: default prefix set to $prefix" >&5
| fi
config.site:13: default build_alias set to i686-w64-mingw32
configure:1953: checking for a BSD-compatible install
configure:2021: result: /usr/bin/install -c
configure:2032: checking whether build environment is sane
configure:2087: result: yes
configure:2238: checking for a thread-safe mkdir -p
configure:2277: result: /usr/bin/mkdir -p
configure:2284: checking for gawk
configure:2300: found /usr/bin/gawk
configure:2311: result: gawk
configure:2322: checking whether make sets $(MAKE)
configure:2344: result: yes
configure:2373: checking whether make supports nested variables
configure:2390: result: yes
configure:2535: checking build system type
configure:2549: result: i686-w64-mingw32
configure:2569: checking host system type
configure:2582: result: i686-w64-mingw32
configure:3239: checking that generated files are newer than configure
configure:3245: result: done
configure:3253: creating ./config.status

## ---------------------- ##
## Running config.status. ##
## ---------------------- ##

This file was extended by gettext config.status 0.19.8, which was
generated by GNU Autoconf 2.69.  Invocation command line was

  CONFIG_FILES    = 
  CONFIG_HEADERS  = 
  CONFIG_LINKS    = 
  CONFIG_COMMANDS = 
  $ ./config.status 

on windows-testvm0

config.status:767: creating Makefile
config.status:767: creating gnulib-local/Makefile
configure:4339: === configuring in gettext-runtime (/c/workspace/gettext-0.19.8/gettext-runtime)
configure:4402: running /bin/sh ./configure --disable-option-checking '--prefix=/c/pgBuild32'  'CPPFLAGS=-I/c/pgBuild32/include' 'LDFLAGS=-L/c/pgBuild32/lib' '--with-libiconv-prefix=/c/pgBuild32' '--enable-shared' 'CFLAGS= -O2' 'CXXFLAGS= -O2' --cache-file=/dev/null --srcdir=.
configure:4339: === configuring in gettext-tools (/c/workspace/gettext-0.19.8/gettext-tools)
configure:4402: running /bin/sh ./configure --disable-option-checking '--prefix=/c/pgBuild32'  'CPPFLAGS=-I/c/pgBuild32/include' 'LDFLAGS=-L/c/pgBuild32/lib' '--with-libiconv-prefix=/c/pgBuild32' '--enable-shared' 'CFLAGS= -O2' 'CXXFLAGS= -O2' --cache-file=/dev/null --srcdir=.

## ---------------- ##
## Cache variables. ##
## ---------------- ##

ac_cv_build=i686-w64-mingw32
ac_cv_env_CC_set=
ac_cv_env_CC_value=
ac_cv_env_CFLAGS_set=set
ac_cv_env_CFLAGS_value=' -O2'
ac_cv_env_CPPFLAGS_set=set
ac_cv_env_CPPFLAGS_value=-I/c/pgBuild32/include
ac_cv_env_CPP_set=
ac_cv_env_CPP_value=
ac_cv_env_CXXCPP_set=
ac_cv_env_CXXCPP_value=
ac_cv_env_CXXFLAGS_set=set
ac_cv_env_CXXFLAGS_value=' -O2'
ac_cv_env_CXX_set=
ac_cv_env_CXX_value=
ac_cv_env_EMACSLOADPATH_set=
ac_cv_env_EMACSLOADPATH_value=
ac_cv_env_EMACS_set=
ac_cv_env_EMACS_value=
ac_cv_env_GCJFLAGS_set=
ac_cv_env_GCJFLAGS_value=
ac_cv_env_GCJ_set=
ac_cv_env_GCJ_value=
ac_cv_env_LDFLAGS_set=set
ac_cv_env_LDFLAGS_value=-L/c/pgBuild32/lib
ac_cv_env_LIBS_set=
ac_cv_env_LIBS_value=
ac_cv_env_LT_SYS_LIBRARY_PATH_set=
ac_cv_env_LT_SYS_LIBRARY_PATH_value=
ac_cv_env_YACC_set=
ac_cv_env_YACC_value=
ac_cv_env_YFLAGS_set=
ac_cv_env_YFLAGS_value=
ac_cv_env_build_alias_set=
ac_cv_env_build_alias_value=
ac_cv_env_host_alias_set=
ac_cv_env_host_alias_value=
ac_cv_env_target_alias_set=
ac_cv_env_target_alias_value=
ac_cv_host=i686-w64-mingw32
ac_cv_path_install='/usr/bin/install -c'
ac_cv_path_mkdir=/usr/bin/mkdir
ac_cv_prog_AWK=gawk
ac_cv_prog_make_make_set=yes
am_cv_make_support_nested_variables=yes

## ----------------- ##
## Output variables. ##
## ----------------- ##

ACLOCAL='${SHELL} /c/workspace/gettext-0.19.8/build-aux/missing aclocal-1.15'
AMTAR='$${TAR-tar}'
AM_BACKSLASH='\'
AM_DEFAULT_V='$(AM_DEFAULT_VERBOSITY)'
AM_DEFAULT_VERBOSITY='1'
AM_V='$(V)'
AUTOCONF='${SHELL} /c/workspace/gettext-0.19.8/build-aux/missing autoconf'
AUTOHEADER='${SHELL} /c/workspace/gettext-0.19.8/build-aux/missing autoheader'
AUTOMAKE='${SHELL} /c/workspace/gettext-0.19.8/build-aux/missing automake-1.15'
AWK='gawk'
CC=''
CFLAGS=' -O2'
CPP=''
CPPFLAGS='-I/c/pgBuild32/include'
CXX=''
CXXCPP=''
CXXFLAGS=' -O2'
CYGPATH_W='cygpath -w'
DEFS='-DPACKAGE_NAME=\"gettext\" -DPACKAGE_TARNAME=\"gettext\" -DPACKAGE_VERSION=\"0.19.8\" -DPACKAGE_STRING=\"gettext\ 0.19.8\" -DPACKAGE_BUGREPORT=\"bug-gnu-gettext@gnu.org\" -DPACKAGE_URL=\"\" -DPACKAGE=\"gettext\" -DVERSION=\"0.19.8\"'
ECHO_C=''
ECHO_N='-n'
ECHO_T=''
EMACS=''
EMACSLOADPATH=''
GCJ=''
GCJFLAGS=''
INSTALL_DATA='${INSTALL} -m 644'
INSTALL_PROGRAM='${INSTALL}'
INSTALL_SCRIPT='${INSTALL}'
INSTALL_STRIP_PROGRAM='$(install_sh) -c -s'
LDFLAGS='-L/c/pgBuild32/lib'
LIBOBJS=''
LIBS=''
LTLIBOBJS=''
LT_SYS_LIBRARY_PATH=''
MAKEINFO='${SHELL} /c/workspace/gettext-0.19.8/build-aux/missing makeinfo'
MKDIR_P='/usr/bin/mkdir -p'
PACKAGE='gettext'
PACKAGE_BUGREPORT='bug-gnu-gettext@gnu.org'
PACKAGE_NAME='gettext'
PACKAGE_STRING='gettext 0.19.8'
PACKAGE_TARNAME='gettext'
PACKAGE_URL=''
PACKAGE_VERSION='0.19.8'
PATH_SEPARATOR=':'
SET_MAKE=''
SHELL='/bin/sh'
STRIP=''
VERSION='0.19.8'
YACC=''
YFLAGS=''
am__isrc=''
am__leading_dot='.'
am__tar='${AMTAR} chof - --owner=root --group=root "$$tardir"'
am__untar='$${TAR-tar} xf -'
bindir='${exec_prefix}/bin'
build='i686-w64-mingw32'
build_alias='i686-w64-mingw32'
build_cpu='i686'
build_os='mingw32'
build_vendor='w64'
datadir='${datarootdir}'
datarootdir='${prefix}/share'
docdir='${datarootdir}/doc/${PACKAGE_TARNAME}'
dvidir='${docdir}'
exec_prefix='${prefix}'
host='i686-w64-mingw32'
host_alias=''
host_cpu='i686'
host_os='mingw32'
host_vendor='w64'
htmldir='${docdir}'
includedir='${prefix}/include'
infodir='${datarootdir}/info'
install_sh='${SHELL} /c/workspace/gettext-0.19.8/build-aux/install-sh'
libdir='${exec_prefix}/lib'
libexecdir='${exec_prefix}/libexec'
localedir='${datarootdir}/locale'
localstatedir='${prefix}/var'
mandir='${datarootdir}/man'
mkdir_p='$(MKDIR_P)'
oldincludedir='/usr/include'
pdfdir='${docdir}'
prefix='/c/pgBuild32'
program_transform_name='s,x,x,'
psdir='${docdir}'
sbindir='${exec_prefix}/sbin'
sharedstatedir='${prefix}/com'
subdirs=' gettext-runtime gettext-tools'
sysconfdir='${prefix}/etc'
target_alias=''

## ----------- ##
## confdefs.h. ##
## ----------- ##

/* confdefs.h */
#define PACKAGE_NAME "gettext"
#define PACKAGE_TARNAME "gettext"
#define PACKAGE_VERSION "0.19.8"
#define PACKAGE_STRING "gettext 0.19.8"
#define PACKAGE_BUGREPORT "bug-gnu-gettext@gnu.org"
#define PACKAGE_URL ""
#define PACKAGE "gettext"
#define VERSION "0.19.8"

configure: exit 0
