This file contains any messages produced by compilers while
running configure, to aid debugging if configure makes a mistake.

It was created by libasprintf configure 1.0, which was
generated by GNU Autoconf 2.69.  Invocation command line was

  $ ./configure --disable-option-checking --prefix=/c/pgBuild32 CPPFLAGS=-I/c/pgBuild32/include LDFLAGS=-L/c/pgBuild32/lib --with-libiconv-prefix=/c/pgBuild32 --enable-shared CFLAGS= -O2 CXXFLAGS= -O2 --cache-file=/dev/null --srcdir=.

## --------- ##
## Platform. ##
## --------- ##

hostname = windows-testvm0
uname -m = x86_64
uname -r = 2.10.0(0.325/5/3)
uname -s = MINGW32_NT-6.3
uname -v = 2018-02-09 15:25

/usr/bin/uname -p = unknown
/bin/uname -X     = unknown

/bin/arch              = x86_64
/usr/bin/arch -k       = unknown
/usr/convex/getsysinfo = unknown
/usr/bin/hostinfo      = unknown
/bin/machine           = unknown
/usr/bin/oslevel       = unknown
/bin/universe          = unknown

PATH: /c/pgBuild32/bin
PATH: /c/pgBuild32/lib
PATH: /c/pgBuild32/include
PATH: /c/pgBuild32/bin
PATH: /c/pgBuild32/lib
PATH: /c/pgBuild32/include
PATH: /c/pgBuild32/bin
PATH: /c/pgBuild32/lib
PATH: /c/pgBuild32/include
PATH: /mingw32/bin
PATH: /usr/local/bin
PATH: /usr/bin
PATH: /bin
PATH: /c/Windows/System32
PATH: /c/Windows
PATH: /c/Windows/System32/Wbem
PATH: /c/Windows/System32/WindowsPowerShell/v1.0/
PATH: /usr/bin/site_perl
PATH: /usr/bin/vendor_perl
PATH: /usr/bin/core_perl


## ----------- ##
## Core tests. ##
## ----------- ##

configure:2562: loading site script /mingw32/etc/config.site
| # This file is in public domain.
| # Original author: Karlson2k (Evgeny Grin)
| # Written for MSys2/MinGW64 to help running 'configure' scripts
| 
| # Defaults for MinGW64-targeted programs
| 
| # Set proper selfname on bash and fallback to default name on other shells
| test -n "${BASH_SOURCE}" 2>/dev/null && config_site_me="${BASH_SOURCE[0]##*/}" || config_site_me=config.site
| 
| # Set default 'host' to speedup configure
| if test -z "$build_alias"; then
|   build_alias="${MSYSTEM_CHOST-i686-w64-mingw32}"  && \
|     $as_echo "$config_site_me:${as_lineno-$LINENO}: default build_alias set to $build_alias" >&5 
| fi
| 
| # Set default 'prefix' to "/mingw32"
| if ( test -z "$prefix" || test "x$prefix" = "xNONE" ) && \
|    ( test -z "$exec_prefix" || test "x$exec_prefix" = "xNONE" ); then
|   prefix="${MSYSTEM_PREFIX-/mingw32}" && \
|     $as_echo "$config_site_me:${as_lineno-$LINENO}: default prefix set to $prefix" >&5
| fi
config.site:13: default build_alias set to i686-w64-mingw32
configure:2706: checking for a BSD-compatible install
configure:2774: result: /usr/bin/install -c
configure:2785: checking whether build environment is sane
configure:2840: result: yes
configure:2991: checking for a thread-safe mkdir -p
configure:3030: result: /usr/bin/mkdir -p
configure:3037: checking for gawk
configure:3053: found /usr/bin/gawk
configure:3064: result: gawk
configure:3075: checking whether make sets $(MAKE)
configure:3097: result: yes
configure:3126: checking whether make supports nested variables
configure:3143: result: yes
configure:3320: checking for gcc
configure:3336: found /mingw32/bin/gcc
configure:3347: result: gcc
configure:3576: checking for C compiler version
configure:3585: gcc --version >&5
gcc.exe (Rev2, Built by MSYS2 project) 7.3.0
Copyright (C) 2017 Free Software Foundation, Inc.
This is free software; see the source for copying conditions.  There is NO
warranty; not even for MERCHANTABILITY or FITNESS FOR A PARTICULAR PURPOSE.

configure:3596: $? = 0
configure:3585: gcc -v >&5
Using built-in specs.
COLLECT_GCC=C:\msys64\mingw32\bin\gcc.exe
COLLECT_LTO_WRAPPER=C:/msys64/mingw32/bin/../lib/gcc/i686-w64-mingw32/7.3.0/lto-wrapper.exe
Target: i686-w64-mingw32
Configured with: ../gcc-7.3.0/configure --prefix=/mingw32 --with-local-prefix=/mingw32/local --build=i686-w64-mingw32 --host=i686-w64-mingw32 --target=i686-w64-mingw32 --with-native-system-header-dir=/mingw32/i686-w64-mingw32/include --libexecdir=/mingw32/lib --enable-bootstrap --with-arch=i686 --with-tune=generic --enable-languages=c,lto,c++,objc,obj-c++,fortran,ada --enable-shared --enable-static --enable-libatomic --enable-threads=posix --enable-graphite --enable-fully-dynamic-string --enable-libstdcxx-time=yes --enable-libstdcxx-filesystem-ts=yes --disable-libstdcxx-pch --disable-libstdcxx-debug --disable-isl-version-check --enable-lto --enable-libgomp --disable-multilib --enable-checking=release --disable-rpath --disable-win32-registry --disable-nls --disable-werror --disable-symvers --with-libiconv --with-system-zlib --with-gmp=/mingw32 --with-mpfr=/mingw32 --with-mpc=/mingw32 --with-isl=/mingw32 --with-pkgversion='Rev2, Built by MSYS2 project' --with-bugurl=https://sourceforge.net/projects/msys2 --with-gnu-as --with-gnu-ld --disable-sjlj-exceptions --with-dwarf2
Thread model: posix
gcc version 7.3.0 (Rev2, Built by MSYS2 project) 
configure:3596: $? = 0
configure:3585: gcc -V >&5
gcc.exe: error: unrecognized command line option '-V'
gcc.exe: fatal error: no input files
compilation terminated.
configure:3596: $? = 1
configure:3585: gcc -qversion >&5
gcc.exe: error: unrecognized command line option '-qversion'; did you mean '--version'?
gcc.exe: fatal error: no input files
compilation terminated.
configure:3596: $? = 1
configure:3616: checking whether the C compiler works
configure:3638: gcc  -O2 -I/c/pgBuild32/include -L/c/pgBuild32/lib conftest.c  >&5
configure:3642: $? = 0
configure:3690: result: yes
configure:3693: checking for C compiler default output file name
configure:3695: result: a.exe
configure:3701: checking for suffix of executables
configure:3708: gcc -o conftest.exe  -O2 -I/c/pgBuild32/include -L/c/pgBuild32/lib conftest.c  >&5
configure:3712: $? = 0
configure:3734: result: .exe
configure:3756: checking whether we are cross compiling
configure:3764: gcc -o conftest.exe  -O2 -I/c/pgBuild32/include -L/c/pgBuild32/lib conftest.c  >&5
configure:3768: $? = 0
configure:3775: ./conftest.exe
configure:3779: $? = 0
configure:3794: result: no
configure:3799: checking for suffix of object files
configure:3821: gcc -c  -O2 -I/c/pgBuild32/include conftest.c >&5
configure:3825: $? = 0
configure:3846: result: o
configure:3850: checking whether we are using the GNU C compiler
configure:3869: gcc -c  -O2 -I/c/pgBuild32/include conftest.c >&5
configure:3869: $? = 0
configure:3878: result: yes
configure:3887: checking whether gcc accepts -g
configure:3907: gcc -c -g -I/c/pgBuild32/include conftest.c >&5
configure:3907: $? = 0
configure:3948: result: yes
configure:3965: checking for gcc option to accept ISO C89
configure:4028: gcc  -c  -O2 -I/c/pgBuild32/include conftest.c >&5
configure:4028: $? = 0
configure:4041: result: none needed
configure:4066: checking whether gcc understands -c and -o together
configure:4088: gcc -c conftest.c -o conftest2.o
configure:4091: $? = 0
configure:4088: gcc -c conftest.c -o conftest2.o
configure:4091: $? = 0
configure:4103: result: yes
configure:4131: checking for style of include used by make
configure:4159: result: GNU
configure:4185: checking dependency style of gcc
configure:4296: result: gcc3
configure:4369: checking for g++
configure:4385: found /mingw32/bin/g++
configure:4396: result: g++
configure:4423: checking for C++ compiler version
configure:4432: g++ --version >&5
g++.exe (Rev2, Built by MSYS2 project) 7.3.0
Copyright (C) 2017 Free Software Foundation, Inc.
This is free software; see the source for copying conditions.  There is NO
warranty; not even for MERCHANTABILITY or FITNESS FOR A PARTICULAR PURPOSE.

configure:4443: $? = 0
configure:4432: g++ -v >&5
Using built-in specs.
COLLECT_GCC=C:\msys64\mingw32\bin\g++.exe
COLLECT_LTO_WRAPPER=C:/msys64/mingw32/bin/../lib/gcc/i686-w64-mingw32/7.3.0/lto-wrapper.exe
Target: i686-w64-mingw32
Configured with: ../gcc-7.3.0/configure --prefix=/mingw32 --with-local-prefix=/mingw32/local --build=i686-w64-mingw32 --host=i686-w64-mingw32 --target=i686-w64-mingw32 --with-native-system-header-dir=/mingw32/i686-w64-mingw32/include --libexecdir=/mingw32/lib --enable-bootstrap --with-arch=i686 --with-tune=generic --enable-languages=c,lto,c++,objc,obj-c++,fortran,ada --enable-shared --enable-static --enable-libatomic --enable-threads=posix --enable-graphite --enable-fully-dynamic-string --enable-libstdcxx-time=yes --enable-libstdcxx-filesystem-ts=yes --disable-libstdcxx-pch --disable-libstdcxx-debug --disable-isl-version-check --enable-lto --enable-libgomp --disable-multilib --enable-checking=release --disable-rpath --disable-win32-registry --disable-nls --disable-werror --disable-symvers --with-libiconv --with-system-zlib --with-gmp=/mingw32 --with-mpfr=/mingw32 --with-mpc=/mingw32 --with-isl=/mingw32 --with-pkgversion='Rev2, Built by MSYS2 project' --with-bugurl=https://sourceforge.net/projects/msys2 --with-gnu-as --with-gnu-ld --disable-sjlj-exceptions --with-dwarf2
Thread model: posix
gcc version 7.3.0 (Rev2, Built by MSYS2 project) 
configure:4443: $? = 0
configure:4432: g++ -V >&5
g++.exe: error: unrecognized command line option '-V'
g++.exe: fatal error: no input files
compilation terminated.
configure:4443: $? = 1
configure:4432: g++ -qversion >&5
g++.exe: error: unrecognized command line option '-qversion'; did you mean '--version'?
g++.exe: fatal error: no input files
compilation terminated.
configure:4443: $? = 1
configure:4447: checking whether we are using the GNU C++ compiler
configure:4466: g++ -c  -O2 -I/c/pgBuild32/include conftest.cpp >&5
configure:4466: $? = 0
configure:4475: result: yes
configure:4484: checking whether g++ accepts -g
configure:4504: g++ -c -g -I/c/pgBuild32/include conftest.cpp >&5
configure:4504: $? = 0
configure:4545: result: yes
configure:4570: checking dependency style of g++
configure:4681: result: gcc3
configure:4702: checking build system type
configure:4716: result: i686-w64-mingw32
configure:4736: checking host system type
configure:4749: result: i686-w64-mingw32
configure:4779: checking how to run the C preprocessor
configure:4810: gcc -E -I/c/pgBuild32/include conftest.c
configure:4810: $? = 0
configure:4824: gcc -E -I/c/pgBuild32/include conftest.c
conftest.c:11:10: fatal error: ac_nonexistent.h: No such file or directory
 #include <ac_nonexistent.h>
          ^~~~~~~~~~~~~~~~~~
compilation terminated.
configure:4824: $? = 1
configure: failed program was:
| /* confdefs.h */
| #define PACKAGE_NAME "libasprintf"
| #define PACKAGE_TARNAME "libasprintf"
| #define PACKAGE_VERSION "1.0"
| #define PACKAGE_STRING "libasprintf 1.0"
| #define PACKAGE_BUGREPORT ""
| #define PACKAGE_URL ""
| #define PACKAGE "libasprintf"
| #define VERSION "1.0"
| /* end confdefs.h.  */
| #include <ac_nonexistent.h>
configure:4849: result: gcc -E
configure:4869: gcc -E -I/c/pgBuild32/include conftest.c
configure:4869: $? = 0
configure:4883: gcc -E -I/c/pgBuild32/include conftest.c
conftest.c:11:10: fatal error: ac_nonexistent.h: No such file or directory
 #include <ac_nonexistent.h>
          ^~~~~~~~~~~~~~~~~~
compilation terminated.
configure:4883: $? = 1
configure: failed program was:
| /* confdefs.h */
| #define PACKAGE_NAME "libasprintf"
| #define PACKAGE_TARNAME "libasprintf"
| #define PACKAGE_VERSION "1.0"
| #define PACKAGE_STRING "libasprintf 1.0"
| #define PACKAGE_BUGREPORT ""
| #define PACKAGE_URL ""
| #define PACKAGE "libasprintf"
| #define VERSION "1.0"
| /* end confdefs.h.  */
| #include <ac_nonexistent.h>
configure:4912: checking for grep that handles long lines and -e
configure:4970: result: /usr/bin/grep
configure:4975: checking for egrep
configure:5037: result: /usr/bin/grep -E
configure:5045: checking for Minix Amsterdam compiler
configure:5069: result: no
configure:5129: checking for ar
configure:5145: found /mingw32/bin/ar
configure:5156: result: ar
configure:5182: checking the archiver (ar) interface
configure:5198: gcc -c  -O2 -I/c/pgBuild32/include conftest.c >&5
configure:5198: $? = 0
configure:5200: ar cru libconftest.a conftest.o >&5
configure:5203: $? = 0
configure:5231: result: ar
configure:5296: checking for ar
configure:5323: result: ar
configure:5398: checking for ranlib
configure:5414: found /mingw32/bin/ranlib
configure:5425: result: ranlib
configure:5471: checking for auto-import of symbols
configure:5490: gcc -o conftest.exe  -O2 -I/c/pgBuild32/include -L/c/pgBuild32/lib -Wl,--disable-auto-import conftest.c  >&5
configure:5490: $? = 0
configure:5500: result: yes
configure:5554: checking how to print strings
configure:5581: result: printf
configure:5602: checking for a sed that does not truncate output
configure:5666: result: /usr/bin/sed
configure:5684: checking for fgrep
configure:5746: result: /usr/bin/grep -F
configure:5781: checking for ld used by gcc
configure:5848: result: C:/msys64/mingw32/i686-w64-mingw32/bin/ld.exe
configure:5855: checking if the linker (C:/msys64/mingw32/i686-w64-mingw32/bin/ld.exe) is GNU ld
configure:5870: result: yes
configure:5882: checking for BSD- or MS-compatible name lister (nm)
configure:5936: result: /mingw32/bin/nm -B
configure:6066: checking the name lister (/mingw32/bin/nm -B) interface
configure:6073: gcc -c  -O2 -I/c/pgBuild32/include conftest.c >&5
configure:6076: /mingw32/bin/nm -B "conftest.o"
configure:6079: output
00000000 b .bss
00000000 d .data
00000000 r .rdata$zzz
00000000 t .text
00000000 B _some_variable
configure:6086: result: BSD nm
configure:6089: checking whether ln -s works
configure:6096: result: no, using cp -pR
configure:6101: checking the maximum length of command line arguments
configure:6232: result: 8192
configure:6280: checking how to convert i686-w64-mingw32 file names to i686-w64-mingw32 format
configure:6320: result: func_convert_file_msys_to_w32
configure:6327: checking how to convert i686-w64-mingw32 file names to toolchain format
configure:6347: result: func_convert_file_msys_to_w32
configure:6354: checking for C:/msys64/mingw32/i686-w64-mingw32/bin/ld.exe option to reload object files
configure:6361: result: -r
configure:6435: checking for objdump
configure:6451: found /mingw32/bin/objdump
configure:6462: result: objdump
configure:6491: checking how to recognize dependent libraries
configure:6691: result: file_magic ^x86 archive import|^x86 DLL
configure:6776: checking for dlltool
configure:6792: found /mingw32/bin/dlltool
configure:6803: result: dlltool
configure:6833: checking how to associate runtime and link libraries
configure:6860: result: func_cygming_dll_for_implib
configure:6984: checking for archiver @FILE support
configure:7001: gcc -c  -O2 -I/c/pgBuild32/include conftest.c >&5
configure:7001: $? = 0
configure:7004: ar cru libconftest.a @conftest.lst >&5
configure:7007: $? = 0
configure:7012: ar cru libconftest.a @conftest.lst >&5
C:\msys64\mingw32\bin\ar.exe: conftest.o: No such file or directory
configure:7015: $? = 1
configure:7027: result: @
configure:7085: checking for strip
configure:7101: found /mingw32/bin/strip
configure:7112: result: strip
configure:7184: checking for ranlib
configure:7211: result: ranlib
configure:7313: checking command to parse /mingw32/bin/nm -B output from gcc object
configure:7466: gcc -c  -O2 -I/c/pgBuild32/include conftest.c >&5
configure:7469: $? = 0
configure:7473: /mingw32/bin/nm -B conftest.o \| sed -n -e 's/^.*[ ]\([ABCDGIRSTW][ABCDGIRSTW]*\)[ ][ ]*\([_A-Za-z][_A-Za-z0-9]*\)\{0,1\}$/\1 \2 \2/p' | sed '/ __gnu_lto/d' \> conftest.nm
configure:7476: $? = 0
cannot find nm_test_var in conftest.nm
configure:7466: gcc -c  -O2 -I/c/pgBuild32/include conftest.c >&5
configure:7469: $? = 0
configure:7473: /mingw32/bin/nm -B conftest.o \| sed -n -e 's/^.*[ ]\([ABCDGIRSTW][ABCDGIRSTW]*\)[ ][ ]*_\([_A-Za-z][_A-Za-z0-9]*\)\{0,1\}$/\1 _\2 \2/p' | sed '/ __gnu_lto/d' \> conftest.nm
configure:7476: $? = 0
configure:7542: gcc -o conftest.exe  -O2 -I/c/pgBuild32/include -L/c/pgBuild32/lib -Wl,--disable-auto-import conftest.c conftstm.o >&5
configure:7545: $? = 0
configure:7583: result: ok
configure:7630: checking for sysroot
configure:7660: result: no
configure:7667: checking for a working dd
configure:7705: result: /usr/bin/dd
configure:7709: checking how to truncate binary pipes
configure:7724: result: /usr/bin/dd bs=4096 count=1
configure:8053: checking for mt
configure:8083: result: no
configure:8103: checking if : is a manifest tool
configure:8109: : '-?'
configure:8117: result: no
configure:8789: checking for ANSI C header files
configure:8809: gcc -c  -O2 -I/c/pgBuild32/include conftest.c >&5
configure:8809: $? = 0
configure:8882: gcc -o conftest.exe  -O2 -I/c/pgBuild32/include -L/c/pgBuild32/lib -Wl,--disable-auto-import conftest.c  >&5
configure:8882: $? = 0
configure:8882: ./conftest.exe
configure:8882: $? = 0
configure:8893: result: yes
configure:8906: checking for sys/types.h
configure:8906: gcc -c  -O2 -I/c/pgBuild32/include conftest.c >&5
configure:8906: $? = 0
configure:8906: result: yes
configure:8906: checking for sys/stat.h
configure:8906: gcc -c  -O2 -I/c/pgBuild32/include conftest.c >&5
configure:8906: $? = 0
configure:8906: result: yes
configure:8906: checking for stdlib.h
configure:8906: gcc -c  -O2 -I/c/pgBuild32/include conftest.c >&5
configure:8906: $? = 0
configure:8906: result: yes
configure:8906: checking for string.h
configure:8906: gcc -c  -O2 -I/c/pgBuild32/include conftest.c >&5
configure:8906: $? = 0
configure:8906: result: yes
configure:8906: checking for memory.h
configure:8906: gcc -c  -O2 -I/c/pgBuild32/include conftest.c >&5
configure:8906: $? = 0
configure:8906: result: yes
configure:8906: checking for strings.h
configure:8906: gcc -c  -O2 -I/c/pgBuild32/include conftest.c >&5
configure:8906: $? = 0
configure:8906: result: yes
configure:8906: checking for inttypes.h
configure:8906: gcc -c  -O2 -I/c/pgBuild32/include conftest.c >&5
configure:8906: $? = 0
configure:8906: result: yes
configure:8906: checking for stdint.h
configure:8906: gcc -c  -O2 -I/c/pgBuild32/include conftest.c >&5
configure:8906: $? = 0
configure:8906: result: yes
configure:8906: checking for unistd.h
configure:8906: gcc -c  -O2 -I/c/pgBuild32/include conftest.c >&5
configure:8906: $? = 0
configure:8906: result: yes
configure:8920: checking for dlfcn.h
configure:8920: gcc -c  -O2 -I/c/pgBuild32/include conftest.c >&5
conftest.c:55:10: fatal error: dlfcn.h: No such file or directory
 #include <dlfcn.h>
          ^~~~~~~~~
compilation terminated.
configure:8920: $? = 1
configure: failed program was:
| /* confdefs.h */
| #define PACKAGE_NAME "libasprintf"
| #define PACKAGE_TARNAME "libasprintf"
| #define PACKAGE_VERSION "1.0"
| #define PACKAGE_STRING "libasprintf 1.0"
| #define PACKAGE_BUGREPORT ""
| #define PACKAGE_URL ""
| #define PACKAGE "libasprintf"
| #define VERSION "1.0"
| #define STDC_HEADERS 1
| #define HAVE_SYS_TYPES_H 1
| #define HAVE_SYS_STAT_H 1
| #define HAVE_STDLIB_H 1
| #define HAVE_STRING_H 1
| #define HAVE_MEMORY_H 1
| #define HAVE_STRINGS_H 1
| #define HAVE_INTTYPES_H 1
| #define HAVE_STDINT_H 1
| #define HAVE_UNISTD_H 1
| /* end confdefs.h.  */
| #include <stdio.h>
| #ifdef HAVE_SYS_TYPES_H
| # include <sys/types.h>
| #endif
| #ifdef HAVE_SYS_STAT_H
| # include <sys/stat.h>
| #endif
| #ifdef STDC_HEADERS
| # include <stdlib.h>
| # include <stddef.h>
| #else
| # ifdef HAVE_STDLIB_H
| #  include <stdlib.h>
| # endif
| #endif
| #ifdef HAVE_STRING_H
| # if !defined STDC_HEADERS && defined HAVE_MEMORY_H
| #  include <memory.h>
| # endif
| # include <string.h>
| #endif
| #ifdef HAVE_STRINGS_H
| # include <strings.h>
| #endif
| #ifdef HAVE_INTTYPES_H
| # include <inttypes.h>
| #endif
| #ifdef HAVE_STDINT_H
| # include <stdint.h>
| #endif
| #ifdef HAVE_UNISTD_H
| # include <unistd.h>
| #endif
| 
| #include <dlfcn.h>
configure:8920: result: no
configure:8994: checking for as
configure:9010: found /mingw32/bin/as
configure:9021: result: as
configure:9086: checking for dlltool
configure:9113: result: dlltool
configure:9178: checking for objdump
configure:9205: result: objdump
configure:9485: checking for objdir
configure:9500: result: .libs
configure:9764: checking if gcc supports -fno-rtti -fno-exceptions
configure:9782: gcc -c  -O2 -I/c/pgBuild32/include -fno-rtti -fno-exceptions conftest.c >&5
cc1.exe: warning: command line option '-fno-rtti' is valid for C++/ObjC++ but not for C
configure:9786: $? = 0
configure:9799: result: no
configure:10157: checking for gcc option to produce PIC
configure:10164: result: -DDLL_EXPORT -DPIC
configure:10172: checking if gcc PIC flag -DDLL_EXPORT -DPIC works
configure:10190: gcc -c  -O2 -I/c/pgBuild32/include -DDLL_EXPORT -DPIC -DPIC conftest.c >&5
configure:10194: $? = 0
configure:10207: result: yes
configure:10236: checking if gcc static flag -static works
configure:10264: result: yes
configure:10279: checking if gcc supports -c -o file.o
configure:10300: gcc -c  -O2 -I/c/pgBuild32/include -o out/conftest2.o conftest.c >&5
configure:10304: $? = 0
configure:10326: result: yes
configure:10334: checking if gcc supports -c -o file.o
configure:10381: result: yes
configure:10414: checking whether the gcc linker (C:/msys64/mingw32/i686-w64-mingw32/bin/ld.exe) supports shared libraries
configure:11673: result: yes
configure:11710: checking whether -lc should be explicitly linked in
configure:11718: gcc -c  -O2 -I/c/pgBuild32/include conftest.c >&5
configure:11721: $? = 0
configure:11736: gcc -shared conftest.o  -v -o ./conftest -Wl,--enable-auto-image-base -Xlinker --out-implib -Xlinker conftest 2\>\&1 \| /usr/bin/grep  -lc  \>/dev/null 2\>\&1
configure:11739: $? = 1
configure:11753: result: yes
configure:11913: checking dynamic linker characteristics
configure:12731: result: Win32 ld.exe
configure:12853: checking how to hardcode library paths into programs
configure:12878: result: immediate
configure:13426: checking whether stripping libraries is possible
configure:13431: result: yes
configure:13466: checking if libtool supports shared libraries
configure:13468: result: yes
configure:13471: checking whether to build shared libraries
configure:13496: result: yes
configure:13499: checking whether to build static libraries
configure:13503: result: yes
configure:13526: checking how to run the C++ preprocessor
configure:13553: g++ -E -I/c/pgBuild32/include conftest.cpp
configure:13553: $? = 0
configure:13567: g++ -E -I/c/pgBuild32/include conftest.cpp
conftest.cpp:22:10: fatal error: ac_nonexistent.h: No such file or directory
 #include <ac_nonexistent.h>
          ^~~~~~~~~~~~~~~~~~
compilation terminated.
configure:13567: $? = 1
configure: failed program was:
| /* confdefs.h */
| #define PACKAGE_NAME "libasprintf"
| #define PACKAGE_TARNAME "libasprintf"
| #define PACKAGE_VERSION "1.0"
| #define PACKAGE_STRING "libasprintf 1.0"
| #define PACKAGE_BUGREPORT ""
| #define PACKAGE_URL ""
| #define PACKAGE "libasprintf"
| #define VERSION "1.0"
| #define STDC_HEADERS 1
| #define HAVE_SYS_TYPES_H 1
| #define HAVE_SYS_STAT_H 1
| #define HAVE_STDLIB_H 1
| #define HAVE_STRING_H 1
| #define HAVE_MEMORY_H 1
| #define HAVE_STRINGS_H 1
| #define HAVE_INTTYPES_H 1
| #define HAVE_STDINT_H 1
| #define HAVE_UNISTD_H 1
| #define LT_OBJDIR ".libs/"
| /* end confdefs.h.  */
| #include <ac_nonexistent.h>
configure:13592: result: g++ -E
configure:13612: g++ -E -I/c/pgBuild32/include conftest.cpp
configure:13612: $? = 0
configure:13626: g++ -E -I/c/pgBuild32/include conftest.cpp
conftest.cpp:22:10: fatal error: ac_nonexistent.h: No such file or directory
 #include <ac_nonexistent.h>
          ^~~~~~~~~~~~~~~~~~
compilation terminated.
configure:13626: $? = 1
configure: failed program was:
| /* confdefs.h */
| #define PACKAGE_NAME "libasprintf"
| #define PACKAGE_TARNAME "libasprintf"
| #define PACKAGE_VERSION "1.0"
| #define PACKAGE_STRING "libasprintf 1.0"
| #define PACKAGE_BUGREPORT ""
| #define PACKAGE_URL ""
| #define PACKAGE "libasprintf"
| #define VERSION "1.0"
| #define STDC_HEADERS 1
| #define HAVE_SYS_TYPES_H 1
| #define HAVE_SYS_STAT_H 1
| #define HAVE_STDLIB_H 1
| #define HAVE_STRING_H 1
| #define HAVE_MEMORY_H 1
| #define HAVE_STRINGS_H 1
| #define HAVE_INTTYPES_H 1
| #define HAVE_STDINT_H 1
| #define HAVE_UNISTD_H 1
| #define LT_OBJDIR ".libs/"
| /* end confdefs.h.  */
| #include <ac_nonexistent.h>
configure:13788: checking for ld used by g++
configure:13855: result: C:/msys64/mingw32/i686-w64-mingw32/bin/ld.exe
configure:13862: checking if the linker (C:/msys64/mingw32/i686-w64-mingw32/bin/ld.exe) is GNU ld
configure:13877: result: yes
configure:13932: checking whether the g++ linker (C:/msys64/mingw32/i686-w64-mingw32/bin/ld.exe) supports shared libraries
configure:15005: result: yes
configure:15041: g++ -c  -O2 -I/c/pgBuild32/include conftest.cpp >&5
configure:15044: $? = 0
configure:15525: checking for g++ option to produce PIC
configure:15532: result: -DDLL_EXPORT -DPIC
configure:15540: checking if g++ PIC flag -DDLL_EXPORT -DPIC works
configure:15558: g++ -c  -O2 -I/c/pgBuild32/include -DDLL_EXPORT -DPIC -DPIC conftest.cpp >&5
configure:15562: $? = 0
configure:15575: result: yes
configure:15598: checking if g++ static flag -static works
configure:15626: result: yes
configure:15638: checking if g++ supports -c -o file.o
configure:15659: g++ -c  -O2 -I/c/pgBuild32/include -o out/conftest2.o conftest.cpp >&5
configure:15663: $? = 0
configure:15685: result: yes
configure:15690: checking if g++ supports -c -o file.o
configure:15737: result: yes
configure:15767: checking whether the g++ linker (C:/msys64/mingw32/i686-w64-mingw32/bin/ld.exe) supports shared libraries
configure:15807: result: yes
configure:15948: checking dynamic linker characteristics
configure:16693: result: Win32 ld.exe
configure:16758: checking how to hardcode library paths into programs
configure:16783: result: immediate
configure:16855: checking features.h usability
configure:16855: gcc -c  -O2 -I/c/pgBuild32/include conftest.c >&5
conftest.c:55:10: fatal error: features.h: No such file or directory
 #include <features.h>
          ^~~~~~~~~~~~
compilation terminated.
configure:16855: $? = 1
configure: failed program was:
| /* confdefs.h */
| #define PACKAGE_NAME "libasprintf"
| #define PACKAGE_TARNAME "libasprintf"
| #define PACKAGE_VERSION "1.0"
| #define PACKAGE_STRING "libasprintf 1.0"
| #define PACKAGE_BUGREPORT ""
| #define PACKAGE_URL ""
| #define PACKAGE "libasprintf"
| #define VERSION "1.0"
| #define STDC_HEADERS 1
| #define HAVE_SYS_TYPES_H 1
| #define HAVE_SYS_STAT_H 1
| #define HAVE_STDLIB_H 1
| #define HAVE_STRING_H 1
| #define HAVE_MEMORY_H 1
| #define HAVE_STRINGS_H 1
| #define HAVE_INTTYPES_H 1
| #define HAVE_STDINT_H 1
| #define HAVE_UNISTD_H 1
| #define LT_OBJDIR ".libs/"
| /* end confdefs.h.  */
| #include <stdio.h>
| #ifdef HAVE_SYS_TYPES_H
| # include <sys/types.h>
| #endif
| #ifdef HAVE_SYS_STAT_H
| # include <sys/stat.h>
| #endif
| #ifdef STDC_HEADERS
| # include <stdlib.h>
| # include <stddef.h>
| #else
| # ifdef HAVE_STDLIB_H
| #  include <stdlib.h>
| # endif
| #endif
| #ifdef HAVE_STRING_H
| # if !defined STDC_HEADERS && defined HAVE_MEMORY_H
| #  include <memory.h>
| # endif
| # include <string.h>
| #endif
| #ifdef HAVE_STRINGS_H
| # include <strings.h>
| #endif
| #ifdef HAVE_INTTYPES_H
| # include <inttypes.h>
| #endif
| #ifdef HAVE_STDINT_H
| # include <stdint.h>
| #endif
| #ifdef HAVE_UNISTD_H
| # include <unistd.h>
| #endif
| #include <features.h>
configure:16855: result: no
configure:16855: checking features.h presence
configure:16855: gcc -E -I/c/pgBuild32/include conftest.c
conftest.c:22:10: fatal error: features.h: No such file or directory
 #include <features.h>
          ^~~~~~~~~~~~
compilation terminated.
configure:16855: $? = 1
configure: failed program was:
| /* confdefs.h */
| #define PACKAGE_NAME "libasprintf"
| #define PACKAGE_TARNAME "libasprintf"
| #define PACKAGE_VERSION "1.0"
| #define PACKAGE_STRING "libasprintf 1.0"
| #define PACKAGE_BUGREPORT ""
| #define PACKAGE_URL ""
| #define PACKAGE "libasprintf"
| #define VERSION "1.0"
| #define STDC_HEADERS 1
| #define HAVE_SYS_TYPES_H 1
| #define HAVE_SYS_STAT_H 1
| #define HAVE_STDLIB_H 1
| #define HAVE_STRING_H 1
| #define HAVE_MEMORY_H 1
| #define HAVE_STRINGS_H 1
| #define HAVE_INTTYPES_H 1
| #define HAVE_STDINT_H 1
| #define HAVE_UNISTD_H 1
| #define LT_OBJDIR ".libs/"
| /* end confdefs.h.  */
| #include <features.h>
configure:16855: result: no
configure:16855: checking for features.h
configure:16855: result: no
configure:16866: checking for inline
configure:16882: gcc -c  -O2 -I/c/pgBuild32/include conftest.c >&5
configure:16882: $? = 0
configure:16890: result: inline
configure:16908: checking for size_t
configure:16908: gcc -c  -O2 -I/c/pgBuild32/include conftest.c >&5
configure:16908: $? = 0
configure:16908: gcc -c  -O2 -I/c/pgBuild32/include conftest.c >&5
conftest.c: In function 'main':
conftest.c:58:21: error: expected expression before ')' token
 if (sizeof ((size_t)))
                     ^
configure:16908: $? = 1
configure: failed program was:
| /* confdefs.h */
| #define PACKAGE_NAME "libasprintf"
| #define PACKAGE_TARNAME "libasprintf"
| #define PACKAGE_VERSION "1.0"
| #define PACKAGE_STRING "libasprintf 1.0"
| #define PACKAGE_BUGREPORT ""
| #define PACKAGE_URL ""
| #define PACKAGE "libasprintf"
| #define VERSION "1.0"
| #define STDC_HEADERS 1
| #define HAVE_SYS_TYPES_H 1
| #define HAVE_SYS_STAT_H 1
| #define HAVE_STDLIB_H 1
| #define HAVE_STRING_H 1
| #define HAVE_MEMORY_H 1
| #define HAVE_STRINGS_H 1
| #define HAVE_INTTYPES_H 1
| #define HAVE_STDINT_H 1
| #define HAVE_UNISTD_H 1
| #define LT_OBJDIR ".libs/"
| /* end confdefs.h.  */
| #include <stdio.h>
| #ifdef HAVE_SYS_TYPES_H
| # include <sys/types.h>
| #endif
| #ifdef HAVE_SYS_STAT_H
| # include <sys/stat.h>
| #endif
| #ifdef STDC_HEADERS
| # include <stdlib.h>
| # include <stddef.h>
| #else
| # ifdef HAVE_STDLIB_H
| #  include <stdlib.h>
| # endif
| #endif
| #ifdef HAVE_STRING_H
| # if !defined STDC_HEADERS && defined HAVE_MEMORY_H
| #  include <memory.h>
| # endif
| # include <string.h>
| #endif
| #ifdef HAVE_STRINGS_H
| # include <strings.h>
| #endif
| #ifdef HAVE_INTTYPES_H
| # include <inttypes.h>
| #endif
| #ifdef HAVE_STDINT_H
| # include <stdint.h>
| #endif
| #ifdef HAVE_UNISTD_H
| # include <unistd.h>
| #endif
| int
| main ()
| {
| if (sizeof ((size_t)))
| 	    return 0;
|   ;
|   return 0;
| }
configure:16908: result: yes
configure:16920: checking for unsigned long long int
configure:16959: gcc -o conftest.exe  -O2 -I/c/pgBuild32/include -L/c/pgBuild32/lib -Wl,--disable-auto-import conftest.c  >&5
configure:16959: $? = 0
configure:16968: result: yes
configure:16978: checking for long long int
configure:17016: gcc -o conftest.exe  -O2 -I/c/pgBuild32/include -L/c/pgBuild32/lib -Wl,--disable-auto-import conftest.c  >&5
configure:17016: $? = 0
configure:17016: ./conftest.exe
configure:17016: $? = 0
configure:17028: result: yes
configure:17037: checking for wchar_t
configure:17054: gcc -c  -O2 -I/c/pgBuild32/include conftest.c >&5
configure:17054: $? = 0
configure:17061: result: yes
configure:17070: checking for wint_t
configure:17095: gcc -c  -O2 -I/c/pgBuild32/include conftest.c >&5
configure:17095: $? = 0
configure:17102: result: yes
configure:17110: checking for mbstate_t
configure:17127: gcc -c  -O2 -I/c/pgBuild32/include conftest.c >&5
configure:17127: $? = 0
configure:17134: result: yes
configure:17145: checking for ptrdiff_t
configure:17145: gcc -c  -O2 -I/c/pgBuild32/include conftest.c >&5
configure:17145: $? = 0
configure:17145: gcc -c  -O2 -I/c/pgBuild32/include conftest.c >&5
conftest.c: In function 'main':
conftest.c:63:24: error: expected expression before ')' token
 if (sizeof ((ptrdiff_t)))
                        ^
configure:17145: $? = 1
configure: failed program was:
| /* confdefs.h */
| #define PACKAGE_NAME "libasprintf"
| #define PACKAGE_TARNAME "libasprintf"
| #define PACKAGE_VERSION "1.0"
| #define PACKAGE_STRING "libasprintf 1.0"
| #define PACKAGE_BUGREPORT ""
| #define PACKAGE_URL ""
| #define PACKAGE "libasprintf"
| #define VERSION "1.0"
| #define STDC_HEADERS 1
| #define HAVE_SYS_TYPES_H 1
| #define HAVE_SYS_STAT_H 1
| #define HAVE_STDLIB_H 1
| #define HAVE_STRING_H 1
| #define HAVE_MEMORY_H 1
| #define HAVE_STRINGS_H 1
| #define HAVE_INTTYPES_H 1
| #define HAVE_STDINT_H 1
| #define HAVE_UNISTD_H 1
| #define LT_OBJDIR ".libs/"
| #define HAVE_UNSIGNED_LONG_LONG_INT 1
| #define HAVE_LONG_LONG_INT 1
| #define HAVE_WCHAR_T 1
| #define HAVE_WINT_T 1
| #define HAVE_MBSTATE_T 1
| /* end confdefs.h.  */
| #include <stdio.h>
| #ifdef HAVE_SYS_TYPES_H
| # include <sys/types.h>
| #endif
| #ifdef HAVE_SYS_STAT_H
| # include <sys/stat.h>
| #endif
| #ifdef STDC_HEADERS
| # include <stdlib.h>
| # include <stddef.h>
| #else
| # ifdef HAVE_STDLIB_H
| #  include <stdlib.h>
| # endif
| #endif
| #ifdef HAVE_STRING_H
| # if !defined STDC_HEADERS && defined HAVE_MEMORY_H
| #  include <memory.h>
| # endif
| # include <string.h>
| #endif
| #ifdef HAVE_STRINGS_H
| # include <strings.h>
| #endif
| #ifdef HAVE_INTTYPES_H
| # include <inttypes.h>
| #endif
| #ifdef HAVE_STDINT_H
| # include <stdint.h>
| #endif
| #ifdef HAVE_UNISTD_H
| # include <unistd.h>
| #endif
| int
| main ()
| {
| if (sizeof ((ptrdiff_t)))
| 	    return 0;
|   ;
|   return 0;
| }
configure:17145: result: yes
configure:17156: checking for inttypes.h
configure:17175: gcc -c  -O2 -I/c/pgBuild32/include conftest.c >&5
configure:17175: $? = 0
configure:17182: result: yes
configure:17193: checking for stdint.h
configure:17210: gcc -c  -O2 -I/c/pgBuild32/include conftest.c >&5
configure:17210: $? = 0
configure:17217: result: yes
configure:17249: checking for stdint.h
configure:17249: result: yes
configure:17259: checking for SIZE_MAX
configure:17330: result: yes
configure:17345: checking for stdint.h
configure:17345: result: yes
configure:17368: checking for working alloca.h
configure:17385: gcc -o conftest.exe  -O2 -I/c/pgBuild32/include -L/c/pgBuild32/lib -Wl,--disable-auto-import conftest.c  >&5
conftest.c:32:10: fatal error: alloca.h: No such file or directory
 #include <alloca.h>
          ^~~~~~~~~~
compilation terminated.
configure:17385: $? = 1
configure: failed program was:
| /* confdefs.h */
| #define PACKAGE_NAME "libasprintf"
| #define PACKAGE_TARNAME "libasprintf"
| #define PACKAGE_VERSION "1.0"
| #define PACKAGE_STRING "libasprintf 1.0"
| #define PACKAGE_BUGREPORT ""
| #define PACKAGE_URL ""
| #define PACKAGE "libasprintf"
| #define VERSION "1.0"
| #define STDC_HEADERS 1
| #define HAVE_SYS_TYPES_H 1
| #define HAVE_SYS_STAT_H 1
| #define HAVE_STDLIB_H 1
| #define HAVE_STRING_H 1
| #define HAVE_MEMORY_H 1
| #define HAVE_STRINGS_H 1
| #define HAVE_INTTYPES_H 1
| #define HAVE_STDINT_H 1
| #define HAVE_UNISTD_H 1
| #define LT_OBJDIR ".libs/"
| #define HAVE_UNSIGNED_LONG_LONG_INT 1
| #define HAVE_LONG_LONG_INT 1
| #define HAVE_WCHAR_T 1
| #define HAVE_WINT_T 1
| #define HAVE_MBSTATE_T 1
| #define HAVE_INTTYPES_H_WITH_UINTMAX 1
| #define HAVE_STDINT_H_WITH_UINTMAX 1
| #define HAVE_INTMAX_T 1
| #define HAVE_STDINT_H 1
| #define HAVE_STDINT_H 1
| /* end confdefs.h.  */
| #include <alloca.h>
| int
| main ()
| {
| char *p = (char *) alloca (2 * sizeof (int));
| 			  if (p) return 0;
|   ;
|   return 0;
| }
configure:17393: result: no
configure:17401: checking for alloca
configure:17438: gcc -o conftest.exe  -O2 -I/c/pgBuild32/include -L/c/pgBuild32/lib -Wl,--disable-auto-import conftest.c  >&5
configure:17438: $? = 0
configure:17446: result: yes
configure:17563: checking for stdlib.h
configure:17563: result: yes
configure:17563: checking for string.h
configure:17563: result: yes
configure:17584: checking whether the preprocessor supports include_next
configure:17622: gcc -c  -O2 -I/c/pgBuild32/include -Iconftestd1b -Iconftestd2 conftest.c >&5
configure:17622: $? = 0
configure:17643: result: yes
configure:17664: checking whether system header files limit the line length
configure:17687: result: no
configure:17698: checking for complete errno.h
configure:17771: result: no
configure:17860: checking for EMULTIHOP value
configure:17915: result: no
configure:17931: checking for ENOLINK value
configure:17986: result: yes
configure:18002: checking for EOVERFLOW value
configure:18057: result: yes
configure:18152: checking for stdint.h
configure:18152: result: yes
configure:18162: checking for SIZE_MAX
configure:18233: result: yes
configure:18248: checking for stdint.h
configure:18248: result: yes
configure:18295: checking for snprintf
configure:18295: gcc -o conftest.exe  -O2 -I/c/pgBuild32/include -L/c/pgBuild32/lib -Wl,--disable-auto-import conftest.c  >&5
conftest.c:60:6: warning: conflicting types for built-in function 'snprintf' [-Wbuiltin-declaration-mismatch]
 char snprintf ();
      ^~~~~~~~
configure:18295: $? = 0
configure:18295: result: yes
configure:18295: checking for vasprintf
configure:18295: gcc -o conftest.exe  -O2 -I/c/pgBuild32/include -L/c/pgBuild32/lib -Wl,--disable-auto-import conftest.c  >&5
configure:18295: $? = 0
configure:18295: result: yes
configure:18295: checking for strnlen
configure:18295: gcc -o conftest.exe  -O2 -I/c/pgBuild32/include -L/c/pgBuild32/lib -Wl,--disable-auto-import conftest.c  >&5
configure:18295: $? = 0
configure:18295: result: yes
configure:18295: checking for wcslen
configure:18295: gcc -o conftest.exe  -O2 -I/c/pgBuild32/include -L/c/pgBuild32/lib -Wl,--disable-auto-import conftest.c  >&5
configure:18295: $? = 0
configure:18295: result: yes
configure:18295: checking for wcsnlen
configure:18295: gcc -o conftest.exe  -O2 -I/c/pgBuild32/include -L/c/pgBuild32/lib -Wl,--disable-auto-import conftest.c  >&5
configure:18295: $? = 0
configure:18295: result: yes
configure:18295: checking for mbrtowc
configure:18295: gcc -o conftest.exe  -O2 -I/c/pgBuild32/include -L/c/pgBuild32/lib -Wl,--disable-auto-import conftest.c  >&5
configure:18295: $? = 0
configure:18295: result: yes
configure:18295: checking for wcrtomb
configure:18295: gcc -o conftest.exe  -O2 -I/c/pgBuild32/include -L/c/pgBuild32/lib -Wl,--disable-auto-import conftest.c  >&5
configure:18295: $? = 0
configure:18295: result: yes
configure:18304: checking whether _snprintf is declared
configure:18304: gcc -c  -O2 -I/c/pgBuild32/include conftest.c >&5
configure:18304: $? = 0
configure:18304: result: yes
configure:18318: checking whether printf() supports POSIX/XSI format strings
configure:18359: gcc -o conftest.exe  -O2 -I/c/pgBuild32/include -L/c/pgBuild32/lib -Wl,--disable-auto-import conftest.c  >&5
configure:18359: $? = 0
configure:18359: ./conftest.exe
configure:18359: $? = 1
configure: program exited with status 1
configure: failed program was:
| /* confdefs.h */
| #define PACKAGE_NAME "libasprintf"
| #define PACKAGE_TARNAME "libasprintf"
| #define PACKAGE_VERSION "1.0"
| #define PACKAGE_STRING "libasprintf 1.0"
| #define PACKAGE_BUGREPORT ""
| #define PACKAGE_URL ""
| #define PACKAGE "libasprintf"
| #define VERSION "1.0"
| #define STDC_HEADERS 1
| #define HAVE_SYS_TYPES_H 1
| #define HAVE_SYS_STAT_H 1
| #define HAVE_STDLIB_H 1
| #define HAVE_STRING_H 1
| #define HAVE_MEMORY_H 1
| #define HAVE_STRINGS_H 1
| #define HAVE_INTTYPES_H 1
| #define HAVE_STDINT_H 1
| #define HAVE_UNISTD_H 1
| #define LT_OBJDIR ".libs/"
| #define HAVE_UNSIGNED_LONG_LONG_INT 1
| #define HAVE_LONG_LONG_INT 1
| #define HAVE_WCHAR_T 1
| #define HAVE_WINT_T 1
| #define HAVE_MBSTATE_T 1
| #define HAVE_INTTYPES_H_WITH_UINTMAX 1
| #define HAVE_STDINT_H_WITH_UINTMAX 1
| #define HAVE_INTMAX_T 1
| #define HAVE_STDINT_H 1
| #define HAVE_STDINT_H 1
| #define HAVE_ALLOCA 1
| #define HAVE_STDLIB_H 1
| #define HAVE_STRING_H 1
| #define HAVE_STDINT_H 1
| #define HAVE_STDINT_H 1
| #define HAVE_SNPRINTF 1
| #define HAVE_VASPRINTF 1
| #define HAVE_STRNLEN 1
| #define HAVE_WCSLEN 1
| #define HAVE_WCSNLEN 1
| #define HAVE_MBRTOWC 1
| #define HAVE_WCRTOMB 1
| #define HAVE_DECL__SNPRINTF 1
| /* end confdefs.h.  */
| 
| #include <stdio.h>
| #include <string.h>
| /* The string "%2 %1", with dollar characters protected from the shell's
|    dollar expansion (possibly an autoconf bug).  */
| static char format[] = { '%', '2', '$', 'd', ' ', '%', '1', '$', 'd', '\0' };
| static char buf[100];
| int main ()
| {
|   sprintf (buf, format, 33, 55);
|   return (strcmp (buf, "55 33") != 0);
| }
configure:18370: result: no
configure:18384: checking for dvips
configure:18415: result: /c/workspace/gettext-0.19.8/build-aux/missing dvips
configure:18425: checking for texi2pdf
configure:18443: found /usr/bin/texi2pdf
configure:18456: result: /usr/bin/texi2pdf
configure:18466: checking for perl
configure:18484: found /usr/bin/perl
configure:18497: result: /usr/bin/perl
configure:18618: checking that generated files are newer than configure
configure:18624: result: done
configure:18695: creating ./config.status

## ---------------------- ##
## Running config.status. ##
## ---------------------- ##

This file was extended by libasprintf config.status 1.0, which was
generated by GNU Autoconf 2.69.  Invocation command line was

  CONFIG_FILES    = 
  CONFIG_HEADERS  = 
  CONFIG_LINKS    = 
  CONFIG_COMMANDS = 
  $ ./config.status 

on windows-testvm0

config.status:1221: creating Makefile
config.status:1221: creating config.h
config.status:1450: executing depfiles commands
config.status:1450: executing libtool commands

## ---------------- ##
## Cache variables. ##
## ---------------- ##

ac_cv_build=i686-w64-mingw32
ac_cv_c_compiler_gnu=yes
ac_cv_c_inline=inline
ac_cv_cxx_compiler_gnu=yes
ac_cv_env_CCC_set=
ac_cv_env_CCC_value=
ac_cv_env_CC_set=
ac_cv_env_CC_value=
ac_cv_env_CFLAGS_set=set
ac_cv_env_CFLAGS_value=' -O2'
ac_cv_env_CPPFLAGS_set=set
ac_cv_env_CPPFLAGS_value=-I/c/pgBuild32/include
ac_cv_env_CPP_set=
ac_cv_env_CPP_value=
ac_cv_env_CXXCPP_set=
ac_cv_env_CXXCPP_value=
ac_cv_env_CXXFLAGS_set=set
ac_cv_env_CXXFLAGS_value=' -O2'
ac_cv_env_CXX_set=
ac_cv_env_CXX_value=
ac_cv_env_LDFLAGS_set=set
ac_cv_env_LDFLAGS_value=-L/c/pgBuild32/lib
ac_cv_env_LIBS_set=
ac_cv_env_LIBS_value=
ac_cv_env_LT_SYS_LIBRARY_PATH_set=
ac_cv_env_LT_SYS_LIBRARY_PATH_value=
ac_cv_env_build_alias_set=
ac_cv_env_build_alias_value=
ac_cv_env_host_alias_set=
ac_cv_env_host_alias_value=
ac_cv_env_target_alias_set=
ac_cv_env_target_alias_value=
ac_cv_exeext=.exe
ac_cv_func_alloca_works=yes
ac_cv_func_mbrtowc=yes
ac_cv_func_snprintf=yes
ac_cv_func_strnlen=yes
ac_cv_func_vasprintf=yes
ac_cv_func_wcrtomb=yes
ac_cv_func_wcslen=yes
ac_cv_func_wcsnlen=yes
ac_cv_have_decl__snprintf=yes
ac_cv_header_dlfcn_h=no
ac_cv_header_features_h=no
ac_cv_header_inttypes_h=yes
ac_cv_header_memory_h=yes
ac_cv_header_stdc=yes
ac_cv_header_stdint_h=yes
ac_cv_header_stdlib_h=yes
ac_cv_header_string_h=yes
ac_cv_header_strings_h=yes
ac_cv_header_sys_stat_h=yes
ac_cv_header_sys_types_h=yes
ac_cv_header_unistd_h=yes
ac_cv_host=i686-w64-mingw32
ac_cv_objext=o
ac_cv_path_DVIPS='/c/workspace/gettext-0.19.8/build-aux/missing dvips'
ac_cv_path_EGREP='/usr/bin/grep -E'
ac_cv_path_FGREP='/usr/bin/grep -F'
ac_cv_path_GREP=/usr/bin/grep
ac_cv_path_PERL=/usr/bin/perl
ac_cv_path_SED=/usr/bin/sed
ac_cv_path_TEXI2PDF=/usr/bin/texi2pdf
ac_cv_path_install='/usr/bin/install -c'
ac_cv_path_lt_DD=/usr/bin/dd
ac_cv_path_mkdir=/usr/bin/mkdir
ac_cv_prog_AWK=gawk
ac_cv_prog_CPP='gcc -E'
ac_cv_prog_CXXCPP='g++ -E'
ac_cv_prog_ac_ct_AR=ar
ac_cv_prog_ac_ct_AS=as
ac_cv_prog_ac_ct_CC=gcc
ac_cv_prog_ac_ct_CXX=g++
ac_cv_prog_ac_ct_DLLTOOL=dlltool
ac_cv_prog_ac_ct_OBJDUMP=objdump
ac_cv_prog_ac_ct_RANLIB=ranlib
ac_cv_prog_ac_ct_STRIP=strip
ac_cv_prog_cc_c89=
ac_cv_prog_cc_g=yes
ac_cv_prog_cxx_g=yes
ac_cv_prog_make_make_set=yes
ac_cv_type_long_long_int=yes
ac_cv_type_mbstate_t=yes
ac_cv_type_ptrdiff_t=yes
ac_cv_type_size_t=yes
ac_cv_type_unsigned_long_long_int=yes
ac_cv_working_alloca_h=no
am_cv_CC_dependencies_compiler_type=gcc3
am_cv_CXX_dependencies_compiler_type=gcc3
am_cv_ar_interface=ar
am_cv_make_support_nested_variables=yes
am_cv_prog_cc_c_o=yes
gl_cv_c_amsterdam_compiler=no
gl_cv_have_include_next=yes
gl_cv_header_errno_h_EMULTIHOP=no
gl_cv_header_errno_h_ENOLINK=yes
gl_cv_header_errno_h_EOVERFLOW=yes
gl_cv_header_errno_h_complete=no
gl_cv_header_inttypes_h=yes
gl_cv_header_stdint_h=yes
gl_cv_ld_autoimport=yes
gl_cv_next_errno_h='<errno.h>'
gl_cv_pragma_columns=no
gl_cv_size_max=yes
gt_cv_c_wchar_t=yes
gt_cv_c_wint_t=yes
gt_cv_func_printf_posix=no
lt_cv_ar_at_file=@
lt_cv_archive_cmds_need_lc=yes
lt_cv_deplibs_check_method='file_magic ^x86 archive import|^x86 DLL'
lt_cv_file_magic_cmd=func_win32_libid
lt_cv_file_magic_test_file=
lt_cv_ld_reload_flag=-r
lt_cv_nm_interface='BSD nm'
lt_cv_objdir=.libs
lt_cv_path_LD=C:/msys64/mingw32/i686-w64-mingw32/bin/ld.exe
lt_cv_path_LDCXX=C:/msys64/mingw32/i686-w64-mingw32/bin/ld.exe
lt_cv_path_NM='/mingw32/bin/nm -B'
lt_cv_path_mainfest_tool=no
lt_cv_prog_compiler_c_o=yes
lt_cv_prog_compiler_c_o_CXX=yes
lt_cv_prog_compiler_pic='-DDLL_EXPORT -DPIC'
lt_cv_prog_compiler_pic_CXX='-DDLL_EXPORT -DPIC'
lt_cv_prog_compiler_pic_works=yes
lt_cv_prog_compiler_pic_works_CXX=yes
lt_cv_prog_compiler_rtti_exceptions=no
lt_cv_prog_compiler_static_works=yes
lt_cv_prog_compiler_static_works_CXX=yes
lt_cv_prog_gnu_ld=yes
lt_cv_prog_gnu_ldcxx=yes
lt_cv_sharedlib_from_linklib_cmd=func_cygming_dll_for_implib
lt_cv_sys_global_symbol_pipe='sed -n -e '\''s/^.*[	 ]\([ABCDGIRSTW][ABCDGIRSTW]*\)[	 ][	 ]*_\([_A-Za-z][_A-Za-z0-9]*\)\{0,1\}$/\1 _\2 \2/p'\'' | sed '\''/ __gnu_lto/d'\'''
lt_cv_sys_global_symbol_to_c_name_address='sed -n -e '\''s/^: \(.*\) .*$/  {"\1", (void *) 0},/p'\'' -e '\''s/^[ABCDGIRSTW][ABCDGIRSTW]* .* \(.*\)$/  {"\1", (void *) \&\1},/p'\'''
lt_cv_sys_global_symbol_to_c_name_address_lib_prefix='sed -n -e '\''s/^: \(.*\) .*$/  {"\1", (void *) 0},/p'\'' -e '\''s/^[ABCDGIRSTW][ABCDGIRSTW]* .* \(lib.*\)$/  {"\1", (void *) \&\1},/p'\'' -e '\''s/^[ABCDGIRSTW][ABCDGIRSTW]* .* \(.*\)$/  {"lib\1", (void *) \&\1},/p'\'''
lt_cv_sys_global_symbol_to_cdecl='sed -n -e '\''s/^T .* \(.*\)$/extern int \1();/p'\'' -e '\''s/^[ABCDGIRSTW][ABCDGIRSTW]* .* \(.*\)$/extern char \1;/p'\'''
lt_cv_sys_global_symbol_to_import=
lt_cv_sys_max_cmd_len=8192
lt_cv_to_host_file_cmd=func_convert_file_msys_to_w32
lt_cv_to_tool_file_cmd=func_convert_file_msys_to_w32
lt_cv_truncate_bin='/usr/bin/dd bs=4096 count=1'

## ----------------- ##
## Output variables. ##
## ----------------- ##

ACLOCAL='${SHELL} /c/workspace/gettext-0.19.8/build-aux/missing aclocal-1.15'
ALLOCA=''
ALLOCA_H='alloca.h'
AMDEPBACKSLASH='\'
AMDEP_FALSE='#'
AMDEP_TRUE=''
AMTAR='$${TAR-tar}'
AM_BACKSLASH='\'
AM_DEFAULT_V='$(AM_DEFAULT_VERBOSITY)'
AM_DEFAULT_VERBOSITY='1'
AM_V='$(V)'
AR='ar'
ARFLAGS='cr'
AS='as'
AUTOCONF='${SHELL} /c/workspace/gettext-0.19.8/build-aux/missing autoconf'
AUTOHEADER='${SHELL} /c/workspace/gettext-0.19.8/build-aux/missing autoheader'
AUTOMAKE='${SHELL} /c/workspace/gettext-0.19.8/build-aux/missing automake-1.15'
AWK='gawk'
CC='gcc'
CCDEPMODE='depmode=gcc3'
CFLAGS=' -O2'
CPP='gcc -E'
CPPFLAGS='-I/c/pgBuild32/include'
CXX='g++'
CXXCPP='g++ -E'
CXXDEPMODE='depmode=gcc3'
CXXFLAGS=' -O2'
CYGPATH_W='cygpath -w'
DEFS='-DHAVE_CONFIG_H'
DEPDIR='.deps'
DLLTOOL='dlltool'
DSYMUTIL=''
DUMPBIN=''
DVIPS='/c/workspace/gettext-0.19.8/build-aux/missing dvips'
ECHO_C=''
ECHO_N='-n'
ECHO_T=''
EGREP='/usr/bin/grep -E'
EMULTIHOP_HIDDEN='0'
EMULTIHOP_VALUE=''
ENOLINK_HIDDEN='0'
ENOLINK_VALUE=''
EOVERFLOW_HIDDEN='0'
EOVERFLOW_VALUE=''
ERRNO_H='errno.h'
EXEEXT='.exe'
FGREP='/usr/bin/grep -F'
GL_COND_LIBTOOL_FALSE='#'
GL_COND_LIBTOOL_TRUE=''
GL_GENERATE_ALLOCA_H_FALSE='#'
GL_GENERATE_ALLOCA_H_TRUE=''
GL_GENERATE_ERRNO_H_FALSE='#'
GL_GENERATE_ERRNO_H_TRUE=''
GREP='/usr/bin/grep'
INCLUDE_NEXT='include_next'
INCLUDE_NEXT_AS_FIRST_DIRECTIVE='include_next'
INSTALL_DATA='${INSTALL} -m 644'
INSTALL_PROGRAM='${INSTALL}'
INSTALL_SCRIPT='${INSTALL}'
INSTALL_STRIP_PROGRAM='$(install_sh) -c -s'
LD='C:/msys64/mingw32/i686-w64-mingw32/bin/ld.exe'
LDFLAGS='-L/c/pgBuild32/lib -Wl,--disable-auto-import'
LIBOBJS=''
LIBS=''
LIBTOOL='/bin/sh $(top_builddir)/libtool'
LIPO=''
LN_S='cp -pR'
LTALLOCA=''
LTLIBOBJS=''
LTNOUNDEF='-no-undefined'
LT_SYS_LIBRARY_PATH=''
MAKEINFO='${SHELL} /c/workspace/gettext-0.19.8/build-aux/missing makeinfo'
MANIFEST_TOOL=':'
MKDIR_P='/usr/bin/mkdir -p'
NEXT_AS_FIRST_DIRECTIVE_ERRNO_H='<errno.h>'
NEXT_ERRNO_H='<errno.h>'
NM='/mingw32/bin/nm -B'
NMEDIT=''
OBJDUMP='objdump'
OBJEXT='o'
OTOOL64=''
OTOOL=''
PACKAGE='libasprintf'
PACKAGE_BUGREPORT=''
PACKAGE_NAME='libasprintf'
PACKAGE_STRING='libasprintf 1.0'
PACKAGE_TARNAME='libasprintf'
PACKAGE_URL=''
PACKAGE_VERSION='1.0'
PATH_SEPARATOR=':'
PERL='/usr/bin/perl'
PRAGMA_COLUMNS=''
PRAGMA_SYSTEM_HEADER='#pragma GCC system_header'
RANLIB='ranlib'
SED='/usr/bin/sed'
SET_MAKE=''
SHELL='/bin/sh'
STRIP='strip'
TEXI2PDF='/usr/bin/texi2pdf'
VERSION='1.0'
ac_ct_AR='ar'
ac_ct_CC='gcc'
ac_ct_CXX='g++'
ac_ct_DUMPBIN=''
am__EXEEXT_FALSE='#'
am__EXEEXT_TRUE=''
am__fastdepCC_FALSE='#'
am__fastdepCC_TRUE=''
am__fastdepCXX_FALSE='#'
am__fastdepCXX_TRUE=''
am__include='include'
am__isrc=''
am__leading_dot='.'
am__nodep='_no'
am__quote=''
am__tar='$${TAR-tar} chof - "$$tardir"'
am__untar='$${TAR-tar} xf -'
bindir='${exec_prefix}/bin'
build='i686-w64-mingw32'
build_alias='i686-w64-mingw32'
build_cpu='i686'
build_os='mingw32'
build_vendor='w64'
datadir='${datarootdir}'
datarootdir='${prefix}/share'
docdir='${datarootdir}/doc/${PACKAGE_TARNAME}'
dvidir='${docdir}'
exec_prefix='${prefix}'
gl_LIBOBJS=''
gl_LTLIBOBJS=''
gltests_LIBOBJS=''
gltests_LTLIBOBJS=''
gltests_WITNESS='IN_LIBASPRINTF_GNULIB_TESTS'
host='i686-w64-mingw32'
host_alias=''
host_cpu='i686'
host_os='mingw32'
host_vendor='w64'
htmldir='${docdir}'
includedir='${prefix}/include'
infodir='${datarootdir}/info'
install_sh='${SHELL} /c/workspace/gettext-0.19.8/build-aux/install-sh'
libdir='${exec_prefix}/lib'
libexecdir='${exec_prefix}/libexec'
localedir='${datarootdir}/locale'
localstatedir='${prefix}/var'
mandir='${datarootdir}/man'
mkdir_p='$(MKDIR_P)'
oldincludedir='/usr/include'
pdfdir='${docdir}'
prefix='/c/pgBuild32'
program_transform_name='s,x,x,'
psdir='${docdir}'
sbindir='${exec_prefix}/sbin'
sharedstatedir='${prefix}/com'
sysconfdir='${prefix}/etc'
target_alias=''

## ----------- ##
## confdefs.h. ##
## ----------- ##

/* confdefs.h */
#define PACKAGE_NAME "libasprintf"
#define PACKAGE_TARNAME "libasprintf"
#define PACKAGE_VERSION "1.0"
#define PACKAGE_STRING "libasprintf 1.0"
#define PACKAGE_BUGREPORT ""
#define PACKAGE_URL ""
#define PACKAGE "libasprintf"
#define VERSION "1.0"
#define STDC_HEADERS 1
#define HAVE_SYS_TYPES_H 1
#define HAVE_SYS_STAT_H 1
#define HAVE_STDLIB_H 1
#define HAVE_STRING_H 1
#define HAVE_MEMORY_H 1
#define HAVE_STRINGS_H 1
#define HAVE_INTTYPES_H 1
#define HAVE_STDINT_H 1
#define HAVE_UNISTD_H 1
#define LT_OBJDIR ".libs/"
#define HAVE_UNSIGNED_LONG_LONG_INT 1
#define HAVE_LONG_LONG_INT 1
#define HAVE_WCHAR_T 1
#define HAVE_WINT_T 1
#define HAVE_MBSTATE_T 1
#define HAVE_INTTYPES_H_WITH_UINTMAX 1
#define HAVE_STDINT_H_WITH_UINTMAX 1
#define HAVE_INTMAX_T 1
#define HAVE_STDINT_H 1
#define HAVE_STDINT_H 1
#define HAVE_ALLOCA 1
#define HAVE_STDLIB_H 1
#define HAVE_STRING_H 1
#define HAVE_STDINT_H 1
#define HAVE_STDINT_H 1
#define HAVE_SNPRINTF 1
#define HAVE_VASPRINTF 1
#define HAVE_STRNLEN 1
#define HAVE_WCSLEN 1
#define HAVE_WCSNLEN 1
#define HAVE_MBRTOWC 1
#define HAVE_WCRTOMB 1
#define HAVE_DECL__SNPRINTF 1

configure: exit 0
