This file contains any messages produced by compilers while
running configure, to aid debugging if configure makes a mistake.

It was created by gettext-examples configure 0.19.8, which was
generated by GNU Autoconf 2.69.  Invocation command line was

  $ ./configure --disable-option-checking --prefix=/c/pgBuild32 CPPFLAGS=-I/c/pgBuild32/include LDFLAGS=-L/c/pgBuild32/lib --with-libiconv-prefix=/c/pgBuild32 --enable-shared CFLAGS= -O2 CXXFLAGS= -O2 --cache-file=/dev/null --srcdir=.

## --------- ##
## Platform. ##
## --------- ##

hostname = windows-testvm0
uname -m = x86_64
uname -r = 2.10.0(0.325/5/3)
uname -s = MINGW32_NT-6.3
uname -v = 2018-02-09 15:25

/usr/bin/uname -p = unknown
/bin/uname -X     = unknown

/bin/arch              = x86_64
/usr/bin/arch -k       = unknown
/usr/convex/getsysinfo = unknown
/usr/bin/hostinfo      = unknown
/bin/machine           = unknown
/usr/bin/oslevel       = unknown
/bin/universe          = unknown

PATH: /c/pgBuild32/bin
PATH: /c/pgBuild32/lib
PATH: /c/pgBuild32/include
PATH: /c/pgBuild32/bin
PATH: /c/pgBuild32/lib
PATH: /c/pgBuild32/include
PATH: /c/pgBuild32/bin
PATH: /c/pgBuild32/lib
PATH: /c/pgBuild32/include
PATH: /mingw32/bin
PATH: /usr/local/bin
PATH: /usr/bin
PATH: /bin
PATH: /c/Windows/System32
PATH: /c/Windows
PATH: /c/Windows/System32/Wbem
PATH: /c/Windows/System32/WindowsPowerShell/v1.0/
PATH: /usr/bin/site_perl
PATH: /usr/bin/vendor_perl
PATH: /usr/bin/core_perl


## ----------- ##
## Core tests. ##
## ----------- ##

configure:1628: loading site script /mingw32/etc/config.site
| # This file is in public domain.
| # Original author: Karlson2k (Evgeny Grin)
| # Written for MSys2/MinGW64 to help running 'configure' scripts
| 
| # Defaults for MinGW64-targeted programs
| 
| # Set proper selfname on bash and fallback to default name on other shells
| test -n "${BASH_SOURCE}" 2>/dev/null && config_site_me="${BASH_SOURCE[0]##*/}" || config_site_me=config.site
| 
| # Set default 'host' to speedup configure
| if test -z "$build_alias"; then
|   build_alias="${MSYSTEM_CHOST-i686-w64-mingw32}"  && \
|     $as_echo "$config_site_me:${as_lineno-$LINENO}: default build_alias set to $build_alias" >&5 
| fi
| 
| # Set default 'prefix' to "/mingw32"
| if ( test -z "$prefix" || test "x$prefix" = "xNONE" ) && \
|    ( test -z "$exec_prefix" || test "x$exec_prefix" = "xNONE" ); then
|   prefix="${MSYSTEM_PREFIX-/mingw32}" && \
|     $as_echo "$config_site_me:${as_lineno-$LINENO}: default prefix set to $prefix" >&5
| fi
config.site:13: default build_alias set to i686-w64-mingw32
configure:1770: checking for a BSD-compatible install
configure:1838: result: /usr/bin/install -c
configure:1849: checking whether build environment is sane
configure:1904: result: yes
configure:2055: checking for a thread-safe mkdir -p
configure:2094: result: /usr/bin/mkdir -p
configure:2101: checking for gawk
configure:2117: found /usr/bin/gawk
configure:2128: result: gawk
configure:2139: checking whether make sets $(MAKE)
configure:2161: result: yes
configure:2190: checking whether make supports nested variables
configure:2207: result: yes
configure:2336: checking for a sed that does not truncate output
configure:2400: result: /usr/bin/sed
configure:2406: checking whether NLS is requested
configure:2415: result: yes
configure:2455: checking for msgfmt
configure: trying /c/pgBuild32/bin/msgfmt...
C:/pgBuild32/bin/msgfmt.exe: error while loading shared libraries: ?: cannot open shared object file: No such file or directory
configure: trying /c/pgBuild32/bin/msgfmt...
C:/pgBuild32/bin/msgfmt.exe: error while loading shared libraries: ?: cannot open shared object file: No such file or directory
configure: trying /c/pgBuild32/bin/msgfmt...
C:/pgBuild32/bin/msgfmt.exe: error while loading shared libraries: ?: cannot open shared object file: No such file or directory
configure: trying /mingw32/bin/msgfmt...
0 translated messages.
configure:2487: result: /mingw32/bin/msgfmt
configure:2496: checking for gmsgfmt
configure:2527: result: /mingw32/bin/msgfmt
configure:2577: checking for xgettext
configure: trying /c/pgBuild32/bin/xgettext...
C:/pgBuild32/bin/xgettext.exe: error while loading shared libraries: ?: cannot open shared object file: No such file or directory
configure: trying /c/pgBuild32/bin/xgettext...
C:/pgBuild32/bin/xgettext.exe: error while loading shared libraries: ?: cannot open shared object file: No such file or directory
configure: trying /c/pgBuild32/bin/xgettext...
C:/pgBuild32/bin/xgettext.exe: error while loading shared libraries: ?: cannot open shared object file: No such file or directory
configure: trying /mingw32/bin/xgettext...
C:\msys64\mingw32\bin\xgettext.exe: warning: file 'nul' extension '' is unknown; will try C
configure:2609: result: /mingw32/bin/xgettext
configure:2654: checking for msgmerge
configure: trying /c/pgBuild32/bin/msgmerge...
C:/pgBuild32/bin/msgmerge.exe: error while loading shared libraries: ?: cannot open shared object file: No such file or directory
configure: trying /c/pgBuild32/bin/msgmerge...
C:/pgBuild32/bin/msgmerge.exe: error while loading shared libraries: ?: cannot open shared object file: No such file or directory
configure: trying /c/pgBuild32/bin/msgmerge...
C:/pgBuild32/bin/msgmerge.exe: error while loading shared libraries: ?: cannot open shared object file: No such file or directory
configure: trying /mingw32/bin/msgmerge...
configure:2685: result: /mingw32/bin/msgmerge
configure:2858: checking that generated files are newer than configure
configure:2864: result: done
configure:2872: creating ./config.status

## ---------------------- ##
## Running config.status. ##
## ---------------------- ##

This file was extended by gettext-examples config.status 0.19.8, which was
generated by GNU Autoconf 2.69.  Invocation command line was

  CONFIG_FILES    = 
  CONFIG_HEADERS  = 
  CONFIG_LINKS    = 
  CONFIG_COMMANDS = 
  $ ./config.status 

on windows-testvm0

config.status:773: creating Makefile
config.status:773: creating installpaths
config.status:773: creating po/Makefile
config.status:945: executing po-directories commands

## ---------------- ##
## Cache variables. ##
## ---------------- ##

ac_cv_env_build_alias_set=
ac_cv_env_build_alias_value=
ac_cv_env_host_alias_set=
ac_cv_env_host_alias_value=
ac_cv_env_target_alias_set=
ac_cv_env_target_alias_value=
ac_cv_path_GMSGFMT=/mingw32/bin/msgfmt
ac_cv_path_MSGFMT=/mingw32/bin/msgfmt
ac_cv_path_MSGMERGE=/mingw32/bin/msgmerge
ac_cv_path_SED=/usr/bin/sed
ac_cv_path_XGETTEXT=/mingw32/bin/xgettext
ac_cv_path_install='/usr/bin/install -c'
ac_cv_path_mkdir=/usr/bin/mkdir
ac_cv_prog_AWK=gawk
ac_cv_prog_make_make_set=yes
am_cv_make_support_nested_variables=yes

## ----------------- ##
## Output variables. ##
## ----------------- ##

ACLOCAL='${SHELL} /c/workspace/gettext-0.19.8/build-aux/missing aclocal-1.15'
AMTAR='$${TAR-tar}'
AM_BACKSLASH='\'
AM_DEFAULT_V='$(AM_DEFAULT_VERBOSITY)'
AM_DEFAULT_VERBOSITY='1'
AM_V='$(V)'
AUTOCONF='${SHELL} /c/workspace/gettext-0.19.8/build-aux/missing autoconf'
AUTOHEADER='${SHELL} /c/workspace/gettext-0.19.8/build-aux/missing autoheader'
AUTOMAKE='${SHELL} /c/workspace/gettext-0.19.8/build-aux/missing automake-1.15'
AWK='gawk'
CYGPATH_W='cygpath -w'
DEFS='-DPACKAGE_NAME=\"gettext-examples\" -DPACKAGE_TARNAME=\"gettext-examples\" -DPACKAGE_VERSION=\"0.19.8\" -DPACKAGE_STRING=\"gettext-examples\ 0.19.8\" -DPACKAGE_BUGREPORT=\"bug-gnu-gettext@gnu.org\" -DPACKAGE_URL=\"\" -DPACKAGE=\"gettext-examples\" -DVERSION=\"0.19.8\"'
ECHO_C=''
ECHO_N='-n'
ECHO_T=''
GETTEXT_MACRO_VERSION='0.19'
GMSGFMT='/mingw32/bin/msgfmt'
GMSGFMT_015='/mingw32/bin/msgfmt'
INSTALL_DATA='${INSTALL} -m 644'
INSTALL_PROGRAM='${INSTALL}'
INSTALL_SCRIPT='${INSTALL}'
INSTALL_STRIP_PROGRAM='$(install_sh) -c -s'
LIBOBJS=''
LIBS=''
LTLIBOBJS=''
MAKEINFO='${SHELL} /c/workspace/gettext-0.19.8/build-aux/missing makeinfo'
MKDIR_P='/usr/bin/mkdir -p'
MSGFMT='/mingw32/bin/msgfmt'
MSGFMT_015='/mingw32/bin/msgfmt'
MSGMERGE='/mingw32/bin/msgmerge'
PACKAGE='gettext-examples'
PACKAGE_BUGREPORT='bug-gnu-gettext@gnu.org'
PACKAGE_NAME='gettext-examples'
PACKAGE_STRING='gettext-examples 0.19.8'
PACKAGE_TARNAME='gettext-examples'
PACKAGE_URL=''
PACKAGE_VERSION='0.19.8'
PATH_SEPARATOR=':'
SED='/usr/bin/sed'
SET_MAKE=''
SHELL='/bin/sh'
STRIP=''
USE_NLS='yes'
VERSION='0.19.8'
XGETTEXT='/mingw32/bin/xgettext'
XGETTEXT_015='/mingw32/bin/xgettext'
XGETTEXT_EXTRA_OPTIONS=''
aclocaldir='${datadir}/aclocal'
am__isrc=''
am__leading_dot='.'
am__tar='$${TAR-tar} chof - "$$tardir"'
am__untar='$${TAR-tar} xf -'
bindir='${exec_prefix}/bin'
build_alias='i686-w64-mingw32'
datadir='${datarootdir}'
datarootdir='${prefix}/share'
docdir='${datarootdir}/doc/gettext'
dvidir='${docdir}'
exec_prefix='${prefix}'
host_alias=''
htmldir='${docdir}'
includedir='${prefix}/include'
infodir='${datarootdir}/info'
install_sh='${SHELL} /c/workspace/gettext-0.19.8/build-aux/install-sh'
libdir='${exec_prefix}/lib'
libexecdir='${exec_prefix}/libexec'
localedir='${datarootdir}/locale'
localstatedir='${prefix}/var'
mandir='${datarootdir}/man'
mkdir_p='$(MKDIR_P)'
oldincludedir='/usr/include'
pdfdir='${docdir}'
prefix='/c/pgBuild32'
program_transform_name='s,x,x,'
psdir='${docdir}'
sbindir='${exec_prefix}/sbin'
sharedstatedir='${prefix}/com'
sysconfdir='${prefix}/etc'
target_alias=''

## ----------- ##
## confdefs.h. ##
## ----------- ##

/* confdefs.h */
#define PACKAGE_NAME "gettext-examples"
#define PACKAGE_TARNAME "gettext-examples"
#define PACKAGE_VERSION "0.19.8"
#define PACKAGE_STRING "gettext-examples 0.19.8"
#define PACKAGE_BUGREPORT "bug-gnu-gettext@gnu.org"
#define PACKAGE_URL ""
#define PACKAGE "gettext-examples"
#define VERSION "0.19.8"

configure: exit 0
